2024-12-23 16:13:11,916 - INFO - file_cache is only supported with oauth2client<4.0.0
2024-12-23 16:13:21,135 - INFO - Starting search for love videos...
2024-12-23 16:13:21,136 - INFO - Starting search for genre: love
2024-12-23 16:13:23,684 - INFO - Processed video 1/500
2024-12-23 16:13:25,535 - INFO - Processed video 2/500
2024-12-23 16:13:27,707 - INFO - Processed video 3/500
2024-12-23 16:13:30,286 - INFO - Processed video 4/500
2024-12-23 16:13:31,957 - INFO - Processed video 5/500
2024-12-23 16:13:33,785 - INFO - Processed video 6/500
2024-12-23 16:13:35,663 - INFO - Processed video 7/500
2024-12-23 16:13:37,504 - INFO - Processed video 8/500
2024-12-23 16:13:38,944 - INFO - Processed video 9/500
2024-12-23 16:13:40,470 - INFO - Processed video 10/500
2024-12-23 16:13:41,795 - INFO - Processed video 11/500
2024-12-23 16:13:43,385 - INFO - Processed video 12/500
2024-12-23 16:13:45,052 - INFO - Processed video 13/500
2024-12-23 16:13:46,908 - INFO - Processed video 14/500
2024-12-23 16:13:48,983 - INFO - Processed video 15/500
2024-12-23 16:13:50,526 - INFO - Processed video 16/500
2024-12-23 16:13:52,272 - INFO - Processed video 17/500
2024-12-23 16:13:54,220 - INFO - Processed video 18/500
2024-12-23 16:13:56,244 - INFO - Processed video 19/500
2024-12-23 16:13:58,127 - INFO - Processed video 20/500
2024-12-23 16:13:59,778 - INFO - Processed video 21/500
2024-12-23 16:14:01,518 - INFO - Processed video 22/500
2024-12-23 16:14:03,775 - INFO - Processed video 23/500
2024-12-23 16:14:05,808 - INFO - Processed video 24/500
2024-12-23 16:14:08,091 - INFO - Processed video 25/500
2024-12-23 16:14:09,650 - INFO - Processed video 26/500
2024-12-23 16:14:11,027 - INFO - Processed video 27/500
2024-12-23 16:14:12,367 - INFO - Processed video 28/500
2024-12-23 16:14:13,865 - INFO - Processed video 29/500
2024-12-23 16:14:18,152 - INFO - Processed video 30/500
2024-12-23 16:14:20,334 - INFO - Processed video 31/500
2024-12-23 16:14:22,688 - INFO - Processed video 32/500
2024-12-23 16:14:24,144 - INFO - Processed video 33/500
2024-12-23 16:14:25,978 - INFO - Processed video 34/500
2024-12-23 16:14:27,449 - INFO - Processed video 35/500
2024-12-23 16:14:29,278 - INFO - Processed video 36/500
2024-12-23 16:14:31,729 - INFO - Processed video 37/500
2024-12-23 16:14:33,506 - INFO - Processed video 38/500
2024-12-23 16:14:35,361 - INFO - Processed video 39/500
2024-12-23 16:14:36,987 - INFO - Processed video 40/500
2024-12-23 16:14:38,330 - INFO - Processed video 41/500
2024-12-23 16:14:39,962 - INFO - Processed video 42/500
2024-12-23 16:14:41,929 - INFO - Processed video 43/500
2024-12-23 16:14:43,850 - INFO - Processed video 44/500
2024-12-23 16:14:45,907 - INFO - Processed video 45/500
2024-12-23 16:14:47,793 - INFO - Processed video 46/500
2024-12-23 16:14:49,949 - INFO - Processed video 47/500
2024-12-23 16:14:51,893 - INFO - Processed video 48/500
2024-12-23 16:14:53,338 - INFO - Processed video 49/500
2024-12-23 16:14:55,212 - INFO - Processed video 50/500
2024-12-23 16:14:55,224 - INFO - Data saved to youtube_data_temp_20241223_161455.csv
2024-12-23 16:14:55,224 - INFO - Progress saved to youtube_data_temp_20241223_161455.csv
2024-12-23 16:14:58,333 - INFO - Processed video 51/500
2024-12-23 16:15:00,734 - INFO - Processed video 52/500
2024-12-23 16:15:02,483 - INFO - Processed video 53/500
2024-12-23 16:15:04,729 - INFO - Processed video 54/500
2024-12-23 16:15:06,685 - INFO - Processed video 55/500
2024-12-23 16:15:08,628 - INFO - Processed video 56/500
2024-12-23 16:15:10,580 - INFO - Processed video 57/500
2024-12-23 16:15:12,294 - INFO - Processed video 58/500
2024-12-23 16:15:14,713 - INFO - Processed video 59/500
2024-12-23 16:15:16,572 - INFO - Processed video 60/500
2024-12-23 16:15:18,918 - INFO - Processed video 61/500
2024-12-23 16:15:20,968 - INFO - Processed video 62/500
2024-12-23 16:15:22,705 - INFO - Processed video 63/500
2024-12-23 16:15:24,572 - INFO - Processed video 64/500
2024-12-23 16:15:26,424 - INFO - Processed video 65/500
2024-12-23 16:15:28,237 - INFO - Processed video 66/500
2024-12-23 16:15:29,943 - INFO - Processed video 67/500
2024-12-23 16:15:31,483 - INFO - Processed video 68/500
2024-12-23 16:15:32,874 - INFO - Processed video 69/500
2024-12-23 16:15:34,746 - INFO - Processed video 70/500
2024-12-23 16:15:36,690 - INFO - Processed video 71/500
2024-12-23 16:15:38,546 - INFO - Processed video 72/500
2024-12-23 16:15:40,585 - INFO - Processed video 73/500
2024-12-23 16:15:43,152 - INFO - Processed video 74/500
2024-12-23 16:15:45,025 - INFO - Processed video 75/500
2024-12-23 16:15:46,475 - INFO - Processed video 76/500
2024-12-23 16:15:48,017 - INFO - Processed video 77/500
2024-12-23 16:15:49,638 - INFO - Processed video 78/500
2024-12-23 16:15:51,384 - INFO - Processed video 79/500
2024-12-23 16:15:53,070 - INFO - Processed video 80/500
2024-12-23 16:15:54,918 - INFO - Processed video 81/500
2024-12-23 16:15:56,257 - INFO - Processed video 82/500
2024-12-23 16:15:58,225 - INFO - Processed video 83/500
2024-12-23 16:15:59,929 - INFO - Processed video 84/500
2024-12-23 16:16:01,178 - INFO - Processed video 85/500
2024-12-23 16:16:04,653 - INFO - Processed video 86/500
2024-12-23 16:16:07,030 - INFO - Processed video 87/500
2024-12-23 16:16:09,098 - INFO - Processed video 88/500
2024-12-23 16:16:11,187 - INFO - Processed video 89/500
2024-12-23 16:16:13,089 - INFO - Processed video 90/500
2024-12-23 16:16:14,933 - INFO - Processed video 91/500
2024-12-23 16:16:16,993 - INFO - Processed video 92/500
2024-12-23 16:16:18,573 - INFO - Processed video 93/500
2024-12-23 16:16:21,034 - INFO - Processed video 94/500
2024-12-23 16:16:22,655 - INFO - Processed video 95/500
2024-12-23 16:16:23,850 - INFO - Processed video 96/500
2024-12-23 16:16:26,149 - INFO - Processed video 97/500
2024-12-23 16:16:28,805 - INFO - Processed video 98/500
2024-12-23 16:16:30,910 - INFO - Processed video 99/500
2024-12-23 16:16:32,667 - INFO - Processed video 100/500
2024-12-23 16:16:32,679 - INFO - Data saved to youtube_data_temp_20241223_161632.csv
2024-12-23 16:16:32,679 - INFO - Progress saved to youtube_data_temp_20241223_161632.csv
2024-12-23 16:16:34,597 - INFO - Processed video 101/500
2024-12-23 16:16:37,412 - INFO - Processed video 102/500
2024-12-23 16:16:38,930 - INFO - Processed video 103/500
2024-12-23 16:16:40,637 - INFO - Processed video 104/500
2024-12-23 16:16:42,719 - INFO - Processed video 105/500
2024-12-23 16:16:44,261 - INFO - Processed video 106/500
2024-12-23 16:16:46,172 - INFO - Processed video 107/500
2024-12-23 16:16:48,369 - INFO - Processed video 108/500
2024-12-23 16:16:49,802 - INFO - Processed video 109/500
2024-12-23 16:16:51,542 - INFO - Processed video 110/500
2024-12-23 16:16:53,577 - INFO - Processed video 111/500
2024-12-23 16:16:55,330 - INFO - Processed video 112/500
2024-12-23 16:16:57,178 - INFO - Processed video 113/500
2024-12-23 16:16:59,241 - INFO - Processed video 114/500
2024-12-23 16:17:02,226 - INFO - Processed video 115/500
2024-12-23 16:17:04,107 - INFO - Processed video 116/500
2024-12-23 16:17:05,434 - INFO - Processed video 117/500
2024-12-23 16:17:06,868 - INFO - Processed video 118/500
2024-12-23 16:17:08,581 - INFO - Processed video 119/500
2024-12-23 16:17:10,535 - INFO - Processed video 120/500
2024-12-23 16:17:12,522 - INFO - Processed video 121/500
2024-12-23 16:17:14,383 - INFO - Processed video 122/500
2024-12-23 16:17:16,179 - INFO - Processed video 123/500
2024-12-23 16:17:17,964 - INFO - Processed video 124/500
2024-12-23 16:17:20,434 - INFO - Processed video 125/500
2024-12-23 16:17:21,848 - INFO - Processed video 126/500
2024-12-23 16:17:23,796 - INFO - Processed video 127/500
2024-12-23 16:17:26,269 - INFO - Processed video 128/500
2024-12-23 16:17:31,186 - INFO - Processed video 129/500
2024-12-23 16:17:33,388 - INFO - Processed video 130/500
2024-12-23 16:17:35,238 - INFO - Processed video 131/500
2024-12-23 16:17:37,369 - INFO - Processed video 132/500
2024-12-23 16:17:39,339 - INFO - Processed video 133/500
2024-12-23 16:17:41,957 - INFO - Processed video 134/500
2024-12-23 16:17:43,551 - INFO - Processed video 135/500
2024-12-23 16:17:45,594 - INFO - Processed video 136/500
2024-12-23 16:17:47,448 - INFO - Processed video 137/500
2024-12-23 16:17:48,813 - INFO - Processed video 138/500
2024-12-23 16:17:50,132 - INFO - Processed video 139/500
2024-12-23 16:17:52,129 - INFO - Processed video 140/500
2024-12-23 16:17:54,542 - INFO - Processed video 141/500
2024-12-23 16:17:56,609 - INFO - Processed video 142/500
2024-12-23 16:17:58,566 - INFO - Processed video 143/500
2024-12-23 16:17:59,907 - INFO - Processed video 144/500
2024-12-23 16:18:01,344 - INFO - Processed video 145/500
2024-12-23 16:18:02,668 - INFO - Processed video 146/500
2024-12-23 16:18:04,310 - INFO - Processed video 147/500
2024-12-23 16:18:06,957 - INFO - Processed video 148/500
2024-12-23 16:18:09,349 - INFO - Processed video 149/500
2024-12-23 16:18:10,802 - INFO - Processed video 150/500
2024-12-23 16:18:10,818 - INFO - Data saved to youtube_data_temp_20241223_161810.csv
2024-12-23 16:18:10,818 - INFO - Progress saved to youtube_data_temp_20241223_161810.csv
2024-12-23 16:18:13,035 - INFO - Processed video 151/500
2024-12-23 16:18:14,394 - INFO - Processed video 152/500
2024-12-23 16:18:17,363 - INFO - Processed video 153/500
2024-12-23 16:18:19,515 - INFO - Processed video 154/500
2024-12-23 16:18:22,011 - INFO - Processed video 155/500
2024-12-23 16:18:23,706 - INFO - Processed video 156/500
2024-12-23 16:18:25,787 - INFO - Processed video 157/500
2024-12-23 16:18:28,091 - INFO - Processed video 158/500
2024-12-23 16:18:29,414 - INFO - Processed video 159/500
2024-12-23 16:18:30,984 - INFO - Processed video 160/500
2024-12-23 16:18:33,114 - INFO - Processed video 161/500
2024-12-23 16:18:35,395 - INFO - Processed video 162/500
2024-12-23 16:18:37,529 - INFO - Processed video 163/500
2024-12-23 16:18:39,527 - INFO - Processed video 164/500
2024-12-23 16:18:41,751 - INFO - Processed video 165/500
2024-12-23 16:18:43,908 - INFO - Processed video 166/500
2024-12-23 16:18:46,245 - INFO - Processed video 167/500
2024-12-23 16:18:48,258 - INFO - Processed video 168/500
2024-12-23 16:18:50,372 - INFO - Processed video 169/500
2024-12-23 16:18:52,314 - INFO - Processed video 170/500
2024-12-23 16:18:53,727 - INFO - Processed video 171/500
2024-12-23 16:18:55,099 - INFO - Processed video 172/500
2024-12-23 16:18:56,735 - INFO - Processed video 173/500
2024-12-23 16:18:58,723 - INFO - Processed video 174/500
2024-12-23 16:18:59,990 - INFO - Processed video 175/500
2024-12-23 16:19:01,707 - INFO - Processed video 176/500
2024-12-23 16:19:04,354 - INFO - Processed video 177/500
2024-12-23 16:19:05,949 - INFO - Processed video 178/500
2024-12-23 16:19:07,513 - INFO - Processed video 179/500
2024-12-23 16:19:08,973 - INFO - Processed video 180/500
2024-12-23 16:19:10,411 - INFO - Processed video 181/500
2024-12-23 16:19:12,452 - INFO - Processed video 182/500
2024-12-23 16:19:14,739 - INFO - Processed video 183/500
2024-12-23 16:19:16,688 - INFO - Processed video 184/500
2024-12-23 16:19:18,245 - INFO - Processed video 185/500
2024-12-23 16:19:20,388 - INFO - Processed video 186/500
2024-12-23 16:19:22,018 - INFO - Processed video 187/500
2024-12-23 16:19:23,968 - INFO - Processed video 188/500
2024-12-23 16:19:26,128 - INFO - Processed video 189/500
2024-12-23 16:19:28,085 - INFO - Processed video 190/500
2024-12-23 16:19:29,786 - INFO - Processed video 191/500
2024-12-23 16:19:31,909 - INFO - Processed video 192/500
2024-12-23 16:19:35,378 - INFO - Processed video 193/500
2024-12-23 16:19:36,919 - INFO - Processed video 194/500
2024-12-23 16:19:39,262 - INFO - Processed video 195/500
2024-12-23 16:19:42,284 - INFO - Processed video 196/500
2024-12-23 16:19:44,352 - INFO - Processed video 197/500
2024-12-23 16:19:45,892 - INFO - Processed video 198/500
2024-12-23 16:19:47,419 - INFO - Processed video 199/500
2024-12-23 16:19:49,457 - INFO - Processed video 200/500
2024-12-23 16:19:49,495 - INFO - Data saved to youtube_data_temp_20241223_161949.csv
2024-12-23 16:19:49,495 - INFO - Progress saved to youtube_data_temp_20241223_161949.csv
2024-12-23 16:19:52,485 - INFO - Processed video 201/500
2024-12-23 16:19:54,815 - INFO - Processed video 202/500
2024-12-23 16:19:56,376 - INFO - Processed video 203/500
2024-12-23 16:19:57,741 - INFO - Processed video 204/500
2024-12-23 16:20:00,215 - INFO - Processed video 205/500
2024-12-23 16:20:02,212 - INFO - Processed video 206/500
2024-12-23 16:20:04,822 - INFO - Processed video 207/500
2024-12-23 16:20:07,057 - INFO - Processed video 208/500
2024-12-23 16:20:10,576 - INFO - Processed video 209/500
2024-12-23 16:20:12,402 - INFO - Processed video 210/500
2024-12-23 16:20:13,979 - INFO - Processed video 211/500
2024-12-23 16:20:15,525 - INFO - Processed video 212/500
2024-12-23 16:20:16,969 - INFO - Processed video 213/500
2024-12-23 16:20:18,603 - INFO - Processed video 214/500
2024-12-23 16:20:20,593 - INFO - Processed video 215/500
2024-12-23 16:20:21,791 - INFO - Processed video 216/500
2024-12-23 16:20:23,448 - INFO - Processed video 217/500
2024-12-23 16:20:25,203 - INFO - Processed video 218/500
2024-12-23 16:20:26,900 - INFO - Processed video 219/500
2024-12-23 16:20:28,513 - INFO - Processed video 220/500
2024-12-23 16:20:30,116 - INFO - Processed video 221/500
2024-12-23 16:20:32,369 - INFO - Processed video 222/500
2024-12-23 16:20:34,154 - INFO - Processed video 223/500
2024-12-23 16:20:36,044 - INFO - Processed video 224/500
2024-12-23 16:20:37,549 - INFO - Processed video 225/500
2024-12-23 16:20:39,036 - INFO - Processed video 226/500
2024-12-23 16:20:40,675 - INFO - Processed video 227/500
2024-12-23 16:20:42,848 - INFO - Processed video 228/500
2024-12-23 16:20:45,295 - INFO - Processed video 229/500
2024-12-23 16:20:46,656 - INFO - Processed video 230/500
2024-12-23 16:20:47,896 - INFO - Processed video 231/500
2024-12-23 16:20:49,315 - INFO - Processed video 232/500
2024-12-23 16:20:51,978 - INFO - Processed video 233/500
2024-12-23 16:20:53,722 - INFO - Processed video 234/500
2024-12-23 16:20:55,266 - INFO - Processed video 235/500
2024-12-23 16:20:56,929 - INFO - Processed video 236/500
2024-12-23 16:20:58,900 - INFO - Processed video 237/500
2024-12-23 16:21:00,645 - INFO - Processed video 238/500
2024-12-23 16:21:02,489 - INFO - Processed video 239/500
2024-12-23 16:21:03,809 - INFO - Processed video 240/500
2024-12-23 16:21:05,438 - INFO - Processed video 241/500
2024-12-23 16:21:06,872 - INFO - Processed video 242/500
2024-12-23 16:21:08,214 - INFO - Processed video 243/500
2024-12-23 16:21:10,405 - INFO - Processed video 244/500
2024-12-23 16:21:11,751 - INFO - Processed video 245/500
2024-12-23 16:21:13,916 - INFO - Processed video 246/500
2024-12-23 16:21:15,219 - INFO - Processed video 247/500
2024-12-23 16:21:16,563 - INFO - Processed video 248/500
2024-12-23 16:21:17,782 - INFO - Processed video 249/500
2024-12-23 16:21:19,318 - INFO - Processed video 250/500
2024-12-23 16:21:19,339 - INFO - Data saved to youtube_data_temp_20241223_162119.csv
2024-12-23 16:21:19,339 - INFO - Progress saved to youtube_data_temp_20241223_162119.csv
2024-12-23 16:21:21,691 - INFO - Processed video 251/500
2024-12-23 16:21:23,836 - INFO - Processed video 252/500
2024-12-23 16:21:25,523 - INFO - Processed video 253/500
2024-12-23 16:21:27,720 - INFO - Processed video 254/500
2024-12-23 16:21:29,404 - INFO - Processed video 255/500
2024-12-23 16:21:30,461 - INFO - Processed video 256/500
2024-12-23 16:21:31,789 - INFO - Processed video 257/500
2024-12-23 16:21:33,702 - INFO - Processed video 258/500
2024-12-23 16:21:35,845 - INFO - Processed video 259/500
2024-12-23 16:21:37,344 - INFO - Processed video 260/500
2024-12-23 16:21:38,893 - INFO - Processed video 261/500
2024-12-23 16:21:40,435 - INFO - Processed video 262/500
2024-12-23 16:21:41,842 - INFO - Processed video 263/500
2024-12-23 16:21:43,538 - INFO - Processed video 264/500
2024-12-23 16:21:44,822 - INFO - Processed video 265/500
2024-12-23 16:21:46,545 - INFO - Processed video 266/500
2024-12-23 16:21:47,931 - INFO - Processed video 267/500
2024-12-23 16:21:49,526 - INFO - Processed video 268/500
2024-12-23 16:21:51,568 - INFO - Processed video 269/500
2024-12-23 16:21:54,282 - INFO - Processed video 270/500
2024-12-23 16:21:55,791 - INFO - Processed video 271/500
2024-12-23 16:21:57,261 - INFO - Processed video 272/500
2024-12-23 16:22:01,494 - INFO - Processed video 273/500
2024-12-23 16:22:04,226 - INFO - Processed video 274/500
2024-12-23 16:22:05,706 - INFO - Processed video 275/500
2024-12-23 16:22:07,448 - INFO - Processed video 276/500
2024-12-23 16:22:10,103 - INFO - Processed video 277/500
2024-12-23 16:22:11,505 - INFO - Processed video 278/500
2024-12-23 16:22:12,776 - INFO - Processed video 279/500
2024-12-23 16:22:14,417 - INFO - Processed video 280/500
2024-12-23 16:22:15,759 - INFO - Processed video 281/500
2024-12-23 16:22:17,143 - INFO - Processed video 282/500
2024-12-23 16:22:18,832 - INFO - Processed video 283/500
2024-12-23 16:22:20,755 - INFO - Processed video 284/500
2024-12-23 16:22:23,158 - INFO - Processed video 285/500
2024-12-23 16:22:24,799 - INFO - Processed video 286/500
2024-12-23 16:22:26,380 - INFO - Processed video 287/500
2024-12-23 16:22:29,158 - INFO - Processed video 288/500
2024-12-23 16:22:30,396 - INFO - Processed video 289/500
2024-12-23 16:22:31,914 - INFO - Processed video 290/500
2024-12-23 16:22:33,643 - INFO - Processed video 291/500
2024-12-23 16:22:34,960 - INFO - Processed video 292/500
2024-12-23 16:22:36,540 - INFO - Processed video 293/500
2024-12-23 16:22:38,371 - INFO - Processed video 294/500
2024-12-23 16:22:40,726 - INFO - Processed video 295/500
2024-12-23 16:22:42,179 - INFO - Processed video 296/500
2024-12-23 16:22:43,676 - INFO - Processed video 297/500
2024-12-23 16:22:45,307 - INFO - Processed video 298/500
2024-12-23 16:22:46,838 - INFO - Processed video 299/500
2024-12-23 16:22:49,282 - INFO - Processed video 300/500
2024-12-23 16:22:49,302 - INFO - Data saved to youtube_data_temp_20241223_162249.csv
2024-12-23 16:22:49,303 - INFO - Progress saved to youtube_data_temp_20241223_162249.csv
2024-12-23 16:22:52,572 - INFO - Processed video 301/500
2024-12-23 16:22:54,656 - INFO - Processed video 302/500
2024-12-23 16:22:56,363 - INFO - Processed video 303/500
2024-12-23 16:22:58,868 - INFO - Processed video 304/500
2024-12-23 16:23:01,213 - INFO - Processed video 305/500
2024-12-23 16:23:02,745 - INFO - Processed video 306/500
2024-12-23 16:23:04,102 - INFO - Processed video 307/500
2024-12-23 16:23:05,812 - INFO - Processed video 308/500
2024-12-23 16:23:07,369 - INFO - Processed video 309/500
2024-12-23 16:23:08,905 - INFO - Processed video 310/500
2024-12-23 16:23:10,245 - INFO - Processed video 311/500
2024-12-23 16:23:11,689 - INFO - Processed video 312/500
2024-12-23 16:23:13,349 - INFO - Processed video 313/500
2024-12-23 16:23:14,792 - INFO - Processed video 314/500
2024-12-23 16:23:16,939 - INFO - Processed video 315/500
2024-12-23 16:23:18,315 - INFO - Processed video 316/500
2024-12-23 16:23:19,811 - INFO - Processed video 317/500
2024-12-23 16:23:21,067 - INFO - Processed video 318/500
2024-12-23 16:23:22,497 - INFO - Processed video 319/500
2024-12-23 16:23:24,111 - INFO - Processed video 320/500
2024-12-23 16:23:26,105 - INFO - Processed video 321/500
2024-12-23 16:23:29,132 - INFO - Processed video 322/500
2024-12-23 16:23:30,426 - INFO - Processed video 323/500
2024-12-23 16:23:31,845 - INFO - Processed video 324/500
2024-12-23 16:23:33,270 - INFO - Processed video 325/500
2024-12-23 16:23:35,127 - INFO - Processed video 326/500
2024-12-23 16:23:37,570 - INFO - Processed video 327/500
2024-12-23 16:23:39,845 - INFO - Processed video 328/500
2024-12-23 16:23:41,474 - INFO - Processed video 329/500
2024-12-23 16:23:43,350 - INFO - Processed video 330/500
2024-12-23 16:23:44,691 - INFO - Processed video 331/500
2024-12-23 16:23:47,344 - INFO - Processed video 332/500
2024-12-23 16:23:48,636 - INFO - Processed video 333/500
2024-12-23 16:23:50,476 - INFO - Processed video 334/500
2024-12-23 16:23:51,885 - INFO - Processed video 335/500
2024-12-23 16:23:53,803 - INFO - Processed video 336/500
2024-12-23 16:23:55,506 - INFO - Processed video 337/500
2024-12-23 16:23:57,298 - INFO - Processed video 338/500
2024-12-23 16:23:59,100 - INFO - Processed video 339/500
2024-12-23 16:24:00,409 - INFO - Processed video 340/500
2024-12-23 16:24:01,585 - INFO - Processed video 341/500
2024-12-23 16:24:13,254 - INFO - Processed video 342/500
2024-12-23 16:24:14,706 - INFO - Processed video 343/500
2024-12-23 16:24:18,207 - INFO - Processed video 344/500
2024-12-23 16:24:19,402 - INFO - Processed video 345/500
2024-12-23 16:24:21,195 - INFO - Processed video 346/500
2024-12-23 16:24:22,469 - INFO - Processed video 347/500
2024-12-23 16:24:23,854 - INFO - Processed video 348/500
2024-12-23 16:24:25,198 - INFO - Processed video 349/500
2024-12-23 16:24:26,550 - INFO - Processed video 350/500
2024-12-23 16:24:26,577 - INFO - Data saved to youtube_data_temp_20241223_162426.csv
2024-12-23 16:24:26,577 - INFO - Progress saved to youtube_data_temp_20241223_162426.csv
2024-12-23 16:24:28,664 - INFO - Processed video 351/500
2024-12-23 16:24:29,979 - INFO - Processed video 352/500
2024-12-23 16:24:31,428 - INFO - Processed video 353/500
2024-12-23 16:24:32,956 - INFO - Processed video 354/500
2024-12-23 16:24:34,456 - INFO - Processed video 355/500
2024-12-23 16:24:35,619 - INFO - Processed video 356/500
2024-12-23 16:24:36,606 - INFO - Processed video 357/500
2024-12-23 16:24:38,044 - INFO - Processed video 358/500
2024-12-23 16:24:39,268 - INFO - Processed video 359/500
2024-12-23 16:24:40,792 - INFO - Processed video 360/500
2024-12-23 16:24:41,815 - INFO - Processed video 361/500
2024-12-23 16:24:44,078 - INFO - Processed video 362/500
2024-12-23 16:24:45,243 - INFO - Processed video 363/500
2024-12-23 16:24:47,884 - INFO - Processed video 364/500
2024-12-23 16:24:50,219 - INFO - Processed video 365/500
2024-12-23 16:24:51,672 - INFO - Processed video 366/500
2024-12-23 16:24:53,341 - INFO - Processed video 367/500
2024-12-23 16:24:54,577 - INFO - Processed video 368/500
2024-12-23 16:24:56,011 - INFO - Processed video 369/500
2024-12-23 16:24:57,540 - INFO - Processed video 370/500
2024-12-23 16:24:59,423 - INFO - Processed video 371/500
2024-12-23 16:25:01,581 - INFO - Processed video 372/500
2024-12-23 16:25:03,209 - INFO - Processed video 373/500
2024-12-23 16:25:04,870 - INFO - Processed video 374/500
2024-12-23 16:25:06,407 - INFO - Processed video 375/500
2024-12-23 16:25:07,737 - INFO - Processed video 376/500
2024-12-23 16:25:10,199 - INFO - Processed video 377/500
2024-12-23 16:25:12,594 - INFO - Processed video 378/500
2024-12-23 16:25:14,229 - INFO - Processed video 379/500
2024-12-23 16:25:15,474 - INFO - Processed video 380/500
2024-12-23 16:25:16,847 - INFO - Processed video 381/500
2024-12-23 16:25:18,327 - INFO - Processed video 382/500
2024-12-23 16:25:19,799 - INFO - Processed video 383/500
2024-12-23 16:25:21,185 - INFO - Processed video 384/500
2024-12-23 16:25:22,879 - INFO - Processed video 385/500
2024-12-23 16:25:24,423 - INFO - Processed video 386/500
2024-12-23 16:25:25,903 - INFO - Processed video 387/500
2024-12-23 16:25:30,633 - INFO - Processed video 388/500
2024-12-23 16:25:32,933 - INFO - Processed video 389/500
2024-12-23 16:25:34,491 - INFO - Processed video 390/500
2024-12-23 16:25:36,104 - INFO - Processed video 391/500
2024-12-23 16:25:37,741 - INFO - Processed video 392/500
2024-12-23 16:25:40,140 - INFO - Processed video 393/500
2024-12-23 16:25:41,777 - INFO - Processed video 394/500
2024-12-23 16:25:43,175 - INFO - Processed video 395/500
2024-12-23 16:25:44,359 - INFO - Processed video 396/500
2024-12-23 16:25:45,524 - INFO - Processed video 397/500
2024-12-23 16:25:46,849 - INFO - Processed video 398/500
2024-12-23 16:25:48,737 - INFO - Processed video 399/500
2024-12-23 16:25:50,029 - INFO - Processed video 400/500
2024-12-23 16:25:50,058 - INFO - Data saved to youtube_data_temp_20241223_162550.csv
2024-12-23 16:25:50,059 - INFO - Progress saved to youtube_data_temp_20241223_162550.csv
2024-12-23 16:25:52,479 - INFO - Processed video 401/500
2024-12-23 16:25:55,055 - INFO - Processed video 402/500
2024-12-23 16:25:56,598 - INFO - Processed video 403/500
2024-12-23 16:25:58,424 - INFO - Processed video 404/500
2024-12-23 16:25:59,759 - INFO - Processed video 405/500
2024-12-23 16:26:00,986 - INFO - Processed video 406/500
2024-12-23 16:26:02,435 - INFO - Processed video 407/500
2024-12-23 16:26:05,632 - INFO - Processed video 408/500
2024-12-23 16:26:06,855 - INFO - Processed video 409/500
2024-12-23 16:26:08,586 - INFO - Processed video 410/500
2024-12-23 16:26:10,967 - INFO - Processed video 411/500
2024-12-23 16:26:12,143 - INFO - Processed video 412/500
2024-12-23 16:26:13,430 - INFO - Processed video 413/500
2024-12-23 16:26:15,419 - INFO - Processed video 414/500
2024-12-23 16:26:17,221 - INFO - Processed video 415/500
2024-12-23 16:26:18,761 - INFO - Processed video 416/500
2024-12-23 16:26:20,321 - INFO - Processed video 417/500
2024-12-23 16:26:21,594 - INFO - Processed video 418/500
2024-12-23 16:26:22,865 - INFO - Processed video 419/500
2024-12-23 16:26:24,108 - INFO - Processed video 420/500
2024-12-23 16:26:25,750 - INFO - Processed video 421/500
2024-12-23 16:26:26,889 - INFO - Processed video 422/500
2024-12-23 16:26:29,245 - INFO - Processed video 423/500
2024-12-23 16:26:30,587 - INFO - Processed video 424/500
2024-12-23 16:26:31,993 - INFO - Processed video 425/500
2024-12-23 16:26:33,272 - INFO - Processed video 426/500
2024-12-23 16:26:35,106 - INFO - Processed video 427/500
2024-12-23 16:26:37,518 - INFO - Processed video 428/500
2024-12-23 16:26:39,122 - INFO - Processed video 429/500
2024-12-23 16:26:40,967 - INFO - Processed video 430/500
2024-12-23 16:26:42,802 - INFO - Processed video 431/500
2024-12-23 16:26:44,754 - INFO - Processed video 432/500
2024-12-23 16:26:46,049 - INFO - Processed video 433/500
2024-12-23 16:26:47,891 - INFO - Processed video 434/500
2024-12-23 16:26:49,371 - INFO - Processed video 435/500
2024-12-23 16:26:50,836 - INFO - Processed video 436/500
2024-12-23 16:26:52,422 - INFO - Processed video 437/500
2024-12-23 16:26:53,456 - INFO - Processed video 438/500
2024-12-23 16:26:54,800 - INFO - Processed video 439/500
2024-12-23 16:26:59,359 - INFO - Processed video 440/500
2024-12-23 16:27:01,531 - INFO - Processed video 441/500
2024-12-23 16:27:03,243 - INFO - Processed video 442/500
2024-12-23 16:27:03,399 - INFO - Data saved to youtube_love_data_20241223_162703.csv
2024-12-23 16:27:03,400 - INFO - Process completed successfully. Final data saved to youtube_love_data_20241223_162703.csv
